c:\users\bugy\desktop\zpgf3\zpg\debug\vc120.pdb
c:\users\bugy\desktop\zpgf3\zpg\debug\vc120.idb
c:\users\bugy\desktop\zpgf3\zpg\debug\application.obj
c:\users\bugy\desktop\zpgf3\zpg\debug\camera.obj
c:\users\bugy\desktop\zpgf3\zpg\debug\controls.obj
c:\users\bugy\desktop\zpgf3\zpg\debug\light.obj
c:\users\bugy\desktop\zpgf3\zpg\debug\main.obj
c:\users\bugy\desktop\zpgf3\zpg\debug\model.obj
c:\users\bugy\desktop\zpgf3\zpg\debug\object.obj
c:\users\bugy\desktop\zpgf3\zpg\debug\objectloader.obj
c:\users\bugy\desktop\zpgf3\zpg\debug\scene.obj
c:\users\bugy\desktop\zpgf3\zpg\debug\shader.obj
c:\users\bugy\desktop\zpgf3\zpg\debug\shaderloader.obj
c:\users\bugy\desktop\zpgf3\zpg\debug\window.obj
c:\users\bugy\desktop\zpgf3\debug\zpg.ilk
c:\users\bugy\desktop\zpgf3\debug\zpg.exe
c:\users\bugy\desktop\zpgf3\debug\zpg.pdb
c:\users\bugy\desktop\zpgf3\zpg\debug\zpg.tlog\cl.command.1.tlog
c:\users\bugy\desktop\zpgf3\zpg\debug\zpg.tlog\cl.read.1.tlog
c:\users\bugy\desktop\zpgf3\zpg\debug\zpg.tlog\cl.write.1.tlog
c:\users\bugy\desktop\zpgf3\zpg\debug\zpg.tlog\link.command.1.tlog
c:\users\bugy\desktop\zpgf3\zpg\debug\zpg.tlog\link.read.1.tlog
c:\users\bugy\desktop\zpgf3\zpg\debug\zpg.tlog\link.write.1.tlog
