Build started 17.11.2015 0:11:50.
     1>Project "C:\Users\Bugy\Desktop\ZPGf3\ZPG\ZPG.vcxproj" on node 2 (Build target(s)).
     1>ClCompile:
         G:\Programy\Microsoft visual studio 2013\VC\bin\CL.exe /c /I.\Knihovny\freeglut\include /I.\Knihovny\glm /I.\Knihovny\glew\include /I.\Knihovny\glfw /ZI /nologo /W3 /WX- /sdl /Od /Oy- /D WIN32 /D _DEBUG /D _CONSOLE /D _LIB /D _UNICODE /D UNICODE /Gm /EHsc /RTC1 /MDd /GS /fp:precise /Zc:wchar_t /Zc:forScope /Fo"Debug\\" /Fd"Debug\vc120.pdb" /Gd /TP /analyze- /errorReport:prompt Scene.cpp
         Scene.cpp
     1>c:\program files (x86)\windows kits\8.1\include\shared\minwindef.h(130): warning C4005: 'APIENTRY' : macro redefinition
                 c:\users\bugy\desktop\zpgf3\zpg\knihovny\glfw\glfw3.h(85) : see previous definition of 'APIENTRY'
       Link:
         G:\Programy\Microsoft visual studio 2013\VC\bin\link.exe /ERRORREPORT:PROMPT /OUT:"C:\Users\Bugy\Desktop\ZPGf3\Debug\ZPG.exe" /INCREMENTAL /NOLOGO /LIBPATH:.\Knihovny\glm /LIBPATH:.\Knihovny\freeglut\lib /LIBPATH:.\Knihovny\glew\lib /LIBPATH:.\Knihovny\glfw opengl32.lib glu32.lib glew32.lib glfw3.lib kernel32.lib user32.lib gdi32.lib winspool.lib comdlg32.lib advapi32.lib shell32.lib ole32.lib oleaut32.lib uuid.lib odbc32.lib odbccp32.lib /MANIFEST /MANIFESTUAC:"level='asInvoker' uiAccess='false'" /manifest:embed /DEBUG /PDB:"C:\Users\Bugy\Desktop\ZPGf3\Debug\ZPG.pdb" /SUBSYSTEM:CONSOLE /TLBID:1 /DYNAMICBASE /NXCOMPAT /IMPLIB:"C:\Users\Bugy\Desktop\ZPGf3\Debug\ZPG.lib" /MACHINE:X86 Debug\Application.obj
         Debug\Camera.obj
         Debug\Controls.obj
         Debug\Light.obj
         Debug\main.obj
         Debug\Model.obj
         Debug\Object.obj
         Debug\ObjectLoader.obj
         Debug\Scene.obj
         Debug\Shader.obj
         Debug\ShaderLoader.obj
         Debug\Window.obj
         ZPG.vcxproj -> C:\Users\Bugy\Desktop\ZPGf3\Debug\ZPG.exe
     1>Done Building Project "C:\Users\Bugy\Desktop\ZPGf3\ZPG\ZPG.vcxproj" (Build target(s)).

Build succeeded.

Time Elapsed 00:00:01.62
